Using pre-set license
Built from '2020.2/release' branch; Version is '2020.2.1f1 (270dd8c3da1c) revision 2559448'; Using compiler version '192528614'; Build Type 'Release'
OS: 'Windows 10  (10.0.0) 64bit' Language: 'fr' Physical Memory: 8036 MB
BatchMode: 1, IsHumanControllingUs: 0, StartBugReporterOnCrash: 0, Is64bit: 1, IsPro: 0

 COMMAND LINE ARGUMENTS:
C:\Program Files\Unity\Hub\Editor\2020.2.1f1\Editor\Unity.exe
-adb2
-batchMode
-noUpm
-name
AssetImportWorker0
-projectPath
D:/Users/Dylan/Documents/GitHub/Surprise/UnitySurprise
-logFile
Logs/AssetImportWorker0.log
-srvPort
63364
Successfully changed project path to: D:/Users/Dylan/Documents/GitHub/Surprise/UnitySurprise
D:/Users/Dylan/Documents/GitHub/Surprise/UnitySurprise
Using Asset Import Pipeline V2.
Refreshing native plugins compatible for Editor in 35.58 ms, found 1 plugins.
Preloading 0 native plugins for Editor in 0.00 ms.
Initialize engine version: 2020.2.1f1 (270dd8c3da1c)
[Subsystems] Discovering subsystems at path C:/Program Files/Unity/Hub/Editor/2020.2.1f1/Editor/Data/Resources/UnitySubsystems
[Subsystems] Discovering subsystems at path D:/Users/Dylan/Documents/GitHub/Surprise/UnitySurprise/Assets
GfxDevice: creating device client; threaded=0
Direct3D:
    Version:  Direct3D 11.0 [level 11.1]
    Renderer: NVIDIA GeForce GTX 1650 with Max-Q Design (ID=0x1f91)
    Vendor:   
    VRAM:     3962 MB
    Driver:   27.21.14.6089
Initialize mono
Mono path[0] = 'C:/Program Files/Unity/Hub/Editor/2020.2.1f1/Editor/Data/Managed'
Mono path[1] = 'C:/Program Files/Unity/Hub/Editor/2020.2.1f1/Editor/Data/MonoBleedingEdge/lib/mono/unityjit'
Mono config path = 'C:/Program Files/Unity/Hub/Editor/2020.2.1f1/Editor/Data/MonoBleedingEdge/etc'
Using monoOptions --debugger-agent=transport=dt_socket,embedding=1,server=y,suspend=n,address=127.0.0.1:56960
Begin MonoManager ReloadAssembly
Registering precompiled unity dll's ...
Register platform support module: C:/Program Files/Unity/Hub/Editor/2020.2.1f1/Editor/Data/PlaybackEngines/WindowsStandaloneSupport/UnityEditor.WindowsStandalone.Extensions.dll
Registered in 0.001450 seconds.
Native extension for WindowsStandalone target not found
Refreshing native plugins compatible for Editor in 31.17 ms, found 1 plugins.
Preloading 0 native plugins for Editor in 0.00 ms.
Invoked RoslynAnalysisRunner static constructor.
RoslynAnalysisRunner will not be running.
RoslynAnalysisRunner has terminated.
Mono: successfully reloaded assembly
- Completed reload, in  0.911 seconds
Platform modules already initialized, skipping
Registering precompiled user dll's ...
Registered in 0.000690 seconds.
Begin MonoManager ReloadAssembly
Native extension for WindowsStandalone target not found
Refreshing native plugins compatible for Editor in 31.92 ms, found 1 plugins.
Preloading 0 native plugins for Editor in 0.00 ms.
Invoked RoslynAnalysisRunner static constructor.
RoslynAnalysisRunner will not be running.
RoslynAnalysisRunner has terminated.
Mono: successfully reloaded assembly
- Completed reload, in  0.783 seconds
Platform modules already initialized, skipping
========================================================================
Worker process is ready to serve import requests
Launched and connected shader compiler UnityShaderCompiler.exe after 0.05 seconds
Refreshing native plugins compatible for Editor in 0.32 ms, found 1 plugins.
Preloading 0 native plugins for Editor in 0.00 ms.
Unloading 1791 Unused Serialized files (Serialized files now loaded: 0)
System memory in use before: 83.8 MB.
System memory in use after: 83.8 MB.

Unloading 24 unused Assets to reduce memory usage. Loaded Objects now: 2231.
Total: 1.931500 ms (FindLiveObjects: 0.209500 ms CreateObjectMapping: 0.093000 ms MarkObjects: 1.532500 ms  DeleteObjects: 0.095700 ms)

========================================================================
Received Import Request.
  path: Assets/Dylan/PreFab/Planches Variant.prefab
  artifactKey: Guid(2e9bd19980794ed47ace65919b4a5cf2) Importer(815301076,1909f56bfc062723c751e8b465ee728b)
Start importing Assets/Dylan/PreFab/Planches Variant.prefab using Guid(2e9bd19980794ed47ace65919b4a5cf2) Importer(815301076,1909f56bfc062723c751e8b465ee728b)  -> (artifact id: 'a891ba5bbca77daf7b2626605ed4e19d') in 0.121242 seconds
  Import took 0.123995 seconds .

========================================================================
Received Import Request.
  Time since last request: 24.007739 seconds.
  path: Assets/Dylan/PreFab/Planches Variant.prefab
  artifactKey: Guid(2e9bd19980794ed47ace65919b4a5cf2) Importer(815301076,1909f56bfc062723c751e8b465ee728b)
Start importing Assets/Dylan/PreFab/Planches Variant.prefab using Guid(2e9bd19980794ed47ace65919b4a5cf2) Importer(815301076,1909f56bfc062723c751e8b465ee728b)  -> (artifact id: 'f2ee6d8b08fde0d766b1aec63500b071') in 0.015241 seconds
  Import took 0.020810 seconds .

========================================================================
Received Import Request.
  Time since last request: 3.413481 seconds.
  path: Assets/Dylan/PreFab/Planches Variant.prefab
  artifactKey: Guid(2e9bd19980794ed47ace65919b4a5cf2) Importer(815301076,1909f56bfc062723c751e8b465ee728b)
Start importing Assets/Dylan/PreFab/Planches Variant.prefab using Guid(2e9bd19980794ed47ace65919b4a5cf2) Importer(815301076,1909f56bfc062723c751e8b465ee728b)  -> (artifact id: '0220b80b88277cede42cbad2dc493e73') in 0.016885 seconds
  Import took 0.020108 seconds .

========================================================================
Received Import Request.
  Time since last request: 77.573574 seconds.
  path: Assets/Dylan/import/Materials
  artifactKey: Guid(453dec3edac34b945a02b737b62f585e) Importer(815301076,1909f56bfc062723c751e8b465ee728b)
Start importing Assets/Dylan/import/Materials using Guid(453dec3edac34b945a02b737b62f585e) Importer(815301076,1909f56bfc062723c751e8b465ee728b)  -> (artifact id: 'e21ec0b358065fb54eb565dc18362c0d') in 0.006486 seconds
  Import took 0.010093 seconds .

========================================================================
Received Import Request.
  Time since last request: 1.196807 seconds.
  path: Assets/Dylan/import/Materials/Retro Star.mat
  artifactKey: Guid(d3761939dfe823f4c8d400f034602e84) Importer(815301076,1909f56bfc062723c751e8b465ee728b)
Start importing Assets/Dylan/import/Materials/Retro Star.mat using Guid(d3761939dfe823f4c8d400f034602e84) Importer(815301076,1909f56bfc062723c751e8b465ee728b)  -> (artifact id: '0273ffe652d9524e44687a585704e160') in 0.090204 seconds
  Import took 0.094283 seconds .

========================================================================
Received Import Request.
  Time since last request: 113.030148 seconds.
  path: Assets/Dylan/import/Imports CGJ/morceau3 1.png
  artifactKey: Guid(0871da3c5cf22f64c97d24b300f0ad64) Importer(815301076,1909f56bfc062723c751e8b465ee728b)
Start importing Assets/Dylan/import/Imports CGJ/morceau3 1.png using Guid(0871da3c5cf22f64c97d24b300f0ad64) Importer(815301076,1909f56bfc062723c751e8b465ee728b)  -> (artifact id: 'b748f4c913737e0241c59c785e178ff8') in 0.076240 seconds
  Import took 0.079365 seconds .

========================================================================
Received Import Request.
  Time since last request: 9.615187 seconds.
  path: Assets/Dylan/import/Imports CGJ/coffre.png
  artifactKey: Guid(97c82961f31de924f80ca664d4f7db1d) Importer(815301076,1909f56bfc062723c751e8b465ee728b)
Start importing Assets/Dylan/import/Imports CGJ/coffre.png using Guid(97c82961f31de924f80ca664d4f7db1d) Importer(815301076,1909f56bfc062723c751e8b465ee728b)  -> (artifact id: '71170b7aa2d1c5c730125f98f070add1') in 0.018859 seconds
  Import took 0.021964 seconds .

========================================================================
Received Import Request.
  Time since last request: 19.455330 seconds.
  path: Assets/Dylan/PreFab/Planches Variant.prefab
  artifactKey: Guid(2e9bd19980794ed47ace65919b4a5cf2) Importer(815301076,1909f56bfc062723c751e8b465ee728b)
Start importing Assets/Dylan/PreFab/Planches Variant.prefab using Guid(2e9bd19980794ed47ace65919b4a5cf2) Importer(815301076,1909f56bfc062723c751e8b465ee728b)  -> (artifact id: 'a64a09eed4b03f8c554a02e3aa12f80f') in 0.019076 seconds
  Import took 0.022324 seconds .

========================================================================
Received Import Request.
  Time since last request: 85.958758 seconds.
  path: Assets/Dylan/PreFab/Coffres.prefab
  artifactKey: Guid(2e9bd19980794ed47ace65919b4a5cf2) Importer(815301076,1909f56bfc062723c751e8b465ee728b)
Start importing Assets/Dylan/PreFab/Coffres.prefab using Guid(2e9bd19980794ed47ace65919b4a5cf2) Importer(815301076,1909f56bfc062723c751e8b465ee728b)  -> (artifact id: 'd5357685620cf1801973226f0f9dfa9a') in 0.015175 seconds
  Import took 0.018897 seconds .

========================================================================
Received Import Request.
  Time since last request: 104.923523 seconds.
  path: ProjectSettings/TagManager.asset
  artifactKey: Guid(00000000000000003000000000000000) Importer(815301076,1909f56bfc062723c751e8b465ee728b)
Start importing ProjectSettings/TagManager.asset using Guid(00000000000000003000000000000000) Importer(815301076,1909f56bfc062723c751e8b465ee728b)  -> (artifact id: 'ffcb6eb9bd94b9cdd47530288b7401f8') in 0.005146 seconds
  Import took 0.009197 seconds .

========================================================================
Received Import Request.
  Time since last request: 0.000974 seconds.
  path: ProjectSettings/TagManager.asset
  artifactKey: Guid(00000000000000003000000000000000) Importer(815301076,1909f56bfc062723c751e8b465ee728b)
Start importing ProjectSettings/TagManager.asset using Guid(00000000000000003000000000000000) Importer(815301076,1909f56bfc062723c751e8b465ee728b)  -> (artifact id: 'ffcb6eb9bd94b9cdd47530288b7401f8') in 0.002700 seconds
  Import took 0.005472 seconds .

========================================================================
Received Prepare
Registering precompiled user dll's ...
Registered in 0.001004 seconds.
Begin MonoManager ReloadAssembly
Native extension for WindowsStandalone target not found
Refreshing native plugins compatible for Editor in 0.33 ms, found 1 plugins.
Preloading 0 native plugins for Editor in 0.00 ms.
Invoked RoslynAnalysisRunner static constructor.
RoslynAnalysisRunner will not be running.
RoslynAnalysisRunner has terminated.
Mono: successfully reloaded assembly
- Completed reload, in  0.713 seconds
Platform modules already initialized, skipping
Refreshing native plugins compatible for Editor in 0.34 ms, found 1 plugins.
Preloading 0 native plugins for Editor in 0.00 ms.
Unloading 1786 Unused Serialized files (Serialized files now loaded: 0)
System memory in use before: 87.2 MB.
System memory in use after: 87.2 MB.

Unloading 14 unused Assets to reduce memory usage. Loaded Objects now: 2279.
Total: 1.676100 ms (FindLiveObjects: 0.154900 ms CreateObjectMapping: 0.055900 ms MarkObjects: 1.388200 ms  DeleteObjects: 0.076300 ms)

========================================================================
Received Prepare
Registering precompiled user dll's ...
Registered in 0.000745 seconds.
Begin MonoManager ReloadAssembly
Native extension for WindowsStandalone target not found
Refreshing native plugins compatible for Editor in 0.35 ms, found 1 plugins.
Preloading 0 native plugins for Editor in 0.00 ms.
Invoked RoslynAnalysisRunner static constructor.
RoslynAnalysisRunner will not be running.
RoslynAnalysisRunner has terminated.
Mono: successfully reloaded assembly
- Completed reload, in  0.714 seconds
Platform modules already initialized, skipping
Refreshing native plugins compatible for Editor in 0.37 ms, found 1 plugins.
Preloading 0 native plugins for Editor in 0.00 ms.
Unloading 1786 Unused Serialized files (Serialized files now loaded: 0)
System memory in use before: 87.3 MB.
System memory in use after: 87.3 MB.

Unloading 12 unused Assets to reduce memory usage. Loaded Objects now: 2282.
Total: 2.137400 ms (FindLiveObjects: 0.285500 ms CreateObjectMapping: 0.104400 ms MarkObjects: 1.659700 ms  DeleteObjects: 0.086300 ms)

========================================================================
Received Prepare
Registering precompiled user dll's ...
Registered in 0.000664 seconds.
Begin MonoManager ReloadAssembly
Native extension for WindowsStandalone target not found
Refreshing native plugins compatible for Editor in 0.35 ms, found 1 plugins.
Preloading 0 native plugins for Editor in 0.00 ms.
Invoked RoslynAnalysisRunner static constructor.
RoslynAnalysisRunner will not be running.
RoslynAnalysisRunner has terminated.
Mono: successfully reloaded assembly
- Completed reload, in  0.701 seconds
Platform modules already initialized, skipping
Refreshing native plugins compatible for Editor in 0.33 ms, found 1 plugins.
Preloading 0 native plugins for Editor in 0.00 ms.
Unloading 1786 Unused Serialized files (Serialized files now loaded: 0)
System memory in use before: 87.5 MB.
System memory in use after: 87.5 MB.

Unloading 12 unused Assets to reduce memory usage. Loaded Objects now: 2285.
Total: 1.812100 ms (FindLiveObjects: 0.164500 ms CreateObjectMapping: 0.051300 ms MarkObjects: 1.500800 ms  DeleteObjects: 0.094700 ms)

AssetImportWorkerClient::OnTransportError - code=2 error=End of file
